2024-02-22 20:24:15 [background-preinit] INFO  - HV000001: Hibernate Validator 6.1.6.Final
2024-02-22 20:24:15 [restartedMain] INFO  - Starting KgsApplication using Java 1.8.0_131 on wuqing with PID 29224 (E:\wuqing\tg\kgs\target\classes started by wq in E:\wuqing\tg\kgs)
2024-02-22 20:24:15 [restartedMain] INFO  - No active profile set, falling back to default profiles: default
2024-02-22 20:24:15 [restartedMain] INFO  - The Class-Path manifest attribute in E:\java_env\maven\maven_repository\com\oracle\database\jdbc\ojdbc8\19.8.0.0\ojdbc8-19.8.0.0.jar referenced one or more files that do not exist: file:/E:/java_env/maven/maven_repository/com/oracle/database/jdbc/ojdbc8/19.8.0.0/oraclepki.jar
2024-02-22 20:24:15 [restartedMain] INFO  - Devtools property defaults active! Set 'spring.devtools.add-properties' to 'false' to disable
2024-02-22 20:24:15 [restartedMain] INFO  - For additional web related logging consider setting the 'logging.level.web' property to 'DEBUG'
2024-02-22 20:24:15 [restartedMain] INFO  - Multiple Spring Data modules found, entering strict repository configuration mode!
2024-02-22 20:24:15 [restartedMain] INFO  - Bootstrapping Spring Data Redis repositories in DEFAULT mode.
2024-02-22 20:24:15 [restartedMain] INFO  - Finished Spring Data repository scanning in 7 ms. Found 0 Redis repository interfaces.
2024-02-22 20:24:15 [restartedMain] INFO  - Tomcat initialized with port(s): 8080 (http)
2024-02-22 20:24:15 [restartedMain] INFO  - Initializing ProtocolHandler ["http-nio-8080"]
2024-02-22 20:24:15 [restartedMain] INFO  - Starting service [Tomcat]
2024-02-22 20:24:15 [restartedMain] INFO  - Starting Servlet engine: [Apache Tomcat/9.0.41]
2024-02-22 20:24:15 [restartedMain] INFO  - Initializing Spring embedded WebApplicationContext
2024-02-22 20:24:15 [restartedMain] INFO  - Root WebApplicationContext: initialization completed in 689 ms
2024-02-22 20:24:18 [restartedMain] INFO  - error:java.net.ConnectException: Failed to connect to /101.89.214.164:9000
2024-02-22 20:24:18 [restartedMain] INFO  - Initializing ExecutorService 'applicationTaskExecutor'
2024-02-22 20:24:18 [restartedMain] INFO  - LiveReload server is running on port 35729
2024-02-22 20:24:18 [restartedMain] INFO  - Starting ProtocolHandler ["http-nio-8080"]
2024-02-22 20:24:18 [restartedMain] INFO  - Tomcat started on port(s): 8080 (http) with context path ''
2024-02-22 20:24:18 [restartedMain] INFO  - Started KgsApplication in 3.897 seconds (JVM running for 4.522)
2024-02-22 20:24:23 [http-nio-8080-exec-2] INFO  - Initializing Spring DispatcherServlet 'dispatcherServlet'
2024-02-22 20:24:23 [http-nio-8080-exec-2] INFO  - Initializing Servlet 'dispatcherServlet'
2024-02-22 20:24:23 [http-nio-8080-exec-2] INFO  - Completed initialization in 1 ms
2024-02-22 20:24:23 [http-nio-8080-exec-2] INFO  - HikariPool-1 - Starting...
2024-02-22 20:24:28 [http-nio-8080-exec-2] ERROR - HikariPool-1 - Exception during pool initialization.
com.mysql.cj.jdbc.exceptions.CommunicationsException: Communications link failure

The last packet sent successfully to the server was 0 milliseconds ago. The driver has not received any packets from the server.
	at com.mysql.cj.jdbc.exceptions.SQLError.createCommunicationsException(SQLError.java:174) ~[mysql-connector-java-8.0.22.jar:8.0.22]
	at com.mysql.cj.jdbc.exceptions.SQLExceptionsMapping.translateException(SQLExceptionsMapping.java:64) ~[mysql-connector-java-8.0.22.jar:8.0.22]
	at com.mysql.cj.jdbc.ConnectionImpl.createNewIO(ConnectionImpl.java:836) ~[mysql-connector-java-8.0.22.jar:8.0.22]
	at com.mysql.cj.jdbc.ConnectionImpl.<init>(ConnectionImpl.java:456) ~[mysql-connector-java-8.0.22.jar:8.0.22]
	at com.mysql.cj.jdbc.ConnectionImpl.getInstance(ConnectionImpl.java:246) ~[mysql-connector-java-8.0.22.jar:8.0.22]
	at com.mysql.cj.jdbc.NonRegisteringDriver.connect(NonRegisteringDriver.java:198) ~[mysql-connector-java-8.0.22.jar:8.0.22]
	at com.zaxxer.hikari.util.DriverDataSource.getConnection(DriverDataSource.java:138) ~[HikariCP-3.4.5.jar:?]
	at com.zaxxer.hikari.pool.PoolBase.newConnection(PoolBase.java:358) ~[HikariCP-3.4.5.jar:?]
	at com.zaxxer.hikari.pool.PoolBase.newPoolEntry(PoolBase.java:206) ~[HikariCP-3.4.5.jar:?]
	at com.zaxxer.hikari.pool.HikariPool.createPoolEntry(HikariPool.java:477) [HikariCP-3.4.5.jar:?]
	at com.zaxxer.hikari.pool.HikariPool.checkFailFast(HikariPool.java:560) [HikariCP-3.4.5.jar:?]
	at com.zaxxer.hikari.pool.HikariPool.<init>(HikariPool.java:115) [HikariCP-3.4.5.jar:?]
	at com.zaxxer.hikari.HikariDataSource.getConnection(HikariDataSource.java:112) [HikariCP-3.4.5.jar:?]
	at org.springframework.jdbc.datasource.DataSourceUtils.fetchConnection(DataSourceUtils.java:158) [spring-jdbc-5.3.2.jar:5.3.2]
	at org.springframework.jdbc.datasource.DataSourceUtils.doGetConnection(DataSourceUtils.java:116) [spring-jdbc-5.3.2.jar:5.3.2]
	at org.springframework.jdbc.datasource.DataSourceUtils.getConnection(DataSourceUtils.java:79) [spring-jdbc-5.3.2.jar:5.3.2]
	at org.mybatis.spring.transaction.SpringManagedTransaction.openConnection(SpringManagedTransaction.java:80) [mybatis-spring-2.0.5.jar:2.0.5]
	at org.mybatis.spring.transaction.SpringManagedTransaction.getConnection(SpringManagedTransaction.java:67) [mybatis-spring-2.0.5.jar:2.0.5]
	at org.apache.ibatis.executor.BaseExecutor.getConnection(BaseExecutor.java:337) [mybatis-3.5.5.jar:3.5.5]
	at org.apache.ibatis.executor.SimpleExecutor.prepareStatement(SimpleExecutor.java:86) [mybatis-3.5.5.jar:3.5.5]
	at org.apache.ibatis.executor.SimpleExecutor.doQuery(SimpleExecutor.java:62) [mybatis-3.5.5.jar:3.5.5]
	at org.apache.ibatis.executor.BaseExecutor.queryFromDatabase(BaseExecutor.java:325) [mybatis-3.5.5.jar:3.5.5]
	at org.apache.ibatis.executor.BaseExecutor.query(BaseExecutor.java:156) [mybatis-3.5.5.jar:3.5.5]
	at org.apache.ibatis.executor.CachingExecutor.query(CachingExecutor.java:109) [mybatis-3.5.5.jar:3.5.5]
	at com.github.pagehelper.PageInterceptor.intercept(PageInterceptor.java:111) [pagehelper-5.2.0.jar:?]
	at org.apache.ibatis.plugin.Plugin.invoke(Plugin.java:61) [mybatis-3.5.5.jar:3.5.5]
	at com.sun.proxy.$Proxy126.query(Unknown Source) [?:?]
	at org.apache.ibatis.session.defaults.DefaultSqlSession.selectList(DefaultSqlSession.java:147) [mybatis-3.5.5.jar:3.5.5]
	at org.apache.ibatis.session.defaults.DefaultSqlSession.selectList(DefaultSqlSession.java:140) [mybatis-3.5.5.jar:3.5.5]
	at org.apache.ibatis.session.defaults.DefaultSqlSession.selectOne(DefaultSqlSession.java:76) [mybatis-3.5.5.jar:3.5.5]
	at sun.reflect.NativeMethodAccessorImpl.invoke0(Native Method) ~[?:1.8.0_131]
	at sun.reflect.NativeMethodAccessorImpl.invoke(NativeMethodAccessorImpl.java:62) ~[?:1.8.0_131]
	at sun.reflect.DelegatingMethodAccessorImpl.invoke(DelegatingMethodAccessorImpl.java:43) ~[?:1.8.0_131]
	at java.lang.reflect.Method.invoke(Method.java:498) ~[?:1.8.0_131]
	at org.mybatis.spring.SqlSessionTemplate$SqlSessionInterceptor.invoke(SqlSessionTemplate.java:426) [mybatis-spring-2.0.5.jar:2.0.5]
	at com.sun.proxy.$Proxy77.selectOne(Unknown Source) [?:?]
	at org.mybatis.spring.SqlSessionTemplate.selectOne(SqlSessionTemplate.java:159) [mybatis-spring-2.0.5.jar:2.0.5]
	at org.apache.ibatis.binding.MapperMethod.execute(MapperMethod.java:87) [mybatis-3.5.5.jar:3.5.5]
	at org.apache.ibatis.binding.MapperProxy$PlainMethodInvoker.invoke(MapperProxy.java:152) [mybatis-3.5.5.jar:3.5.5]
	at org.apache.ibatis.binding.MapperProxy.invoke(MapperProxy.java:85) [mybatis-3.5.5.jar:3.5.5]
	at com.sun.proxy.$Proxy92.isInState(Unknown Source) [?:?]
	at com.kigooo.kgs.service.kgService.kgImpl.KgAuthImpl.isUnProtectedUrl(KgAuthImpl.java:59) [classes/:?]
	at com.kigooo.kgs.service.kgService.kgImpl.KgAuthImpl$$FastClassBySpringCGLIB$$6bebe9d6.invoke(<generated>) [classes/:?]
	at org.springframework.cglib.proxy.MethodProxy.invoke(MethodProxy.java:218) [spring-core-5.3.2.jar:5.3.2]
	at org.springframework.aop.framework.CglibAopProxy$CglibMethodInvocation.invokeJoinpoint(CglibAopProxy.java:771) [spring-aop-5.3.2.jar:5.3.2]
	at org.springframework.aop.framework.ReflectiveMethodInvocation.proceed(ReflectiveMethodInvocation.java:163) [spring-aop-5.3.2.jar:5.3.2]
	at org.springframework.aop.framework.CglibAopProxy$CglibMethodInvocation.proceed(CglibAopProxy.java:749) [spring-aop-5.3.2.jar:5.3.2]
	at org.springframework.validation.beanvalidation.MethodValidationInterceptor.invoke(MethodValidationInterceptor.java:123) [spring-context-5.3.2.jar:5.3.2]
	at org.springframework.aop.framework.ReflectiveMethodInvocation.proceed(ReflectiveMethodInvocation.java:186) [spring-aop-5.3.2.jar:5.3.2]
	at org.springframework.aop.framework.CglibAopProxy$CglibMethodInvocation.proceed(CglibAopProxy.java:749) [spring-aop-5.3.2.jar:5.3.2]
	at org.springframework.aop.framework.CglibAopProxy$DynamicAdvisedInterceptor.intercept(CglibAopProxy.java:691) [spring-aop-5.3.2.jar:5.3.2]
	at com.kigooo.kgs.service.kgService.kgImpl.KgAuthImpl$$EnhancerBySpringCGLIB$$3ce358f.isUnProtectedUrl(<generated>) [classes/:?]
	at com.kigooo.kgs.component.kgMvc.KgMvcIntercept1.preHandle(KgMvcIntercept1.java:59) [classes/:?]
	at org.springframework.web.servlet.HandlerExecutionChain.applyPreHandle(HandlerExecutionChain.java:148) [spring-webmvc-5.3.2.jar:5.3.2]
	at org.springframework.web.servlet.DispatcherServlet.doDispatch(DispatcherServlet.java:1056) [spring-webmvc-5.3.2.jar:5.3.2]
	at org.springframework.web.servlet.DispatcherServlet.doService(DispatcherServlet.java:961) [spring-webmvc-5.3.2.jar:5.3.2]
	at org.springframework.web.servlet.FrameworkServlet.processRequest(FrameworkServlet.java:1006) [spring-webmvc-5.3.2.jar:5.3.2]
	at org.springframework.web.servlet.FrameworkServlet.doPost(FrameworkServlet.java:909) [spring-webmvc-5.3.2.jar:5.3.2]
	at javax.servlet.http.HttpServlet.service(HttpServlet.java:652) [tomcat-embed-core-9.0.41.jar:4.0.FR]
	at org.springframework.web.servlet.FrameworkServlet.service(FrameworkServlet.java:883) [spring-webmvc-5.3.2.jar:5.3.2]
	at javax.servlet.http.HttpServlet.service(HttpServlet.java:733) [tomcat-embed-core-9.0.41.jar:4.0.FR]
	at org.apache.catalina.core.ApplicationFilterChain.internalDoFilter(ApplicationFilterChain.java:231) [tomcat-embed-core-9.0.41.jar:9.0.41]
	at org.apache.catalina.core.ApplicationFilterChain.doFilter(ApplicationFilterChain.java:166) [tomcat-embed-core-9.0.41.jar:9.0.41]
	at org.apache.tomcat.websocket.server.WsFilter.doFilter(WsFilter.java:53) [tomcat-embed-websocket-9.0.41.jar:9.0.41]
	at org.apache.catalina.core.ApplicationFilterChain.internalDoFilter(ApplicationFilterChain.java:193) [tomcat-embed-core-9.0.41.jar:9.0.41]
	at org.apache.catalina.core.ApplicationFilterChain.doFilter(ApplicationFilterChain.java:166) [tomcat-embed-core-9.0.41.jar:9.0.41]
	at org.springframework.web.filter.RequestContextFilter.doFilterInternal(RequestContextFilter.java:100) [spring-web-5.3.2.jar:5.3.2]
	at org.springframework.web.filter.OncePerRequestFilter.doFilter(OncePerRequestFilter.java:119) [spring-web-5.3.2.jar:5.3.2]
	at org.apache.catalina.core.ApplicationFilterChain.internalDoFilter(ApplicationFilterChain.java:193) [tomcat-embed-core-9.0.41.jar:9.0.41]
	at org.apache.catalina.core.ApplicationFilterChain.doFilter(ApplicationFilterChain.java:166) [tomcat-embed-core-9.0.41.jar:9.0.41]
	at org.springframework.web.filter.FormContentFilter.doFilterInternal(FormContentFilter.java:93) [spring-web-5.3.2.jar:5.3.2]
	at org.springframework.web.filter.OncePerRequestFilter.doFilter(OncePerRequestFilter.java:119) [spring-web-5.3.2.jar:5.3.2]
	at org.apache.catalina.core.ApplicationFilterChain.internalDoFilter(ApplicationFilterChain.java:193) [tomcat-embed-core-9.0.41.jar:9.0.41]
	at org.apache.catalina.core.ApplicationFilterChain.doFilter(ApplicationFilterChain.java:166) [tomcat-embed-core-9.0.41.jar:9.0.41]
	at org.springframework.web.filter.CharacterEncodingFilter.doFilterInternal(CharacterEncodingFilter.java:201) [spring-web-5.3.2.jar:5.3.2]
	at org.springframework.web.filter.OncePerRequestFilter.doFilter(OncePerRequestFilter.java:119) [spring-web-5.3.2.jar:5.3.2]
	at org.apache.catalina.core.ApplicationFilterChain.internalDoFilter(ApplicationFilterChain.java:193) [tomcat-embed-core-9.0.41.jar:9.0.41]
	at org.apache.catalina.core.ApplicationFilterChain.doFilter(ApplicationFilterChain.java:166) [tomcat-embed-core-9.0.41.jar:9.0.41]
	at org.apache.catalina.core.StandardWrapperValve.invoke(StandardWrapperValve.java:202) [tomcat-embed-core-9.0.41.jar:9.0.41]
	at org.apache.catalina.core.StandardContextValve.invoke(StandardContextValve.java:97) [tomcat-embed-core-9.0.41.jar:9.0.41]
	at org.apache.catalina.authenticator.AuthenticatorBase.invoke(AuthenticatorBase.java:542) [tomcat-embed-core-9.0.41.jar:9.0.41]
	at org.apache.catalina.core.StandardHostValve.invoke(StandardHostValve.java:143) [tomcat-embed-core-9.0.41.jar:9.0.41]
	at org.apache.catalina.valves.ErrorReportValve.invoke(ErrorReportValve.java:92) [tomcat-embed-core-9.0.41.jar:9.0.41]
	at org.apache.catalina.core.StandardEngineValve.invoke(StandardEngineValve.java:78) [tomcat-embed-core-9.0.41.jar:9.0.41]
	at org.apache.catalina.connector.CoyoteAdapter.service(CoyoteAdapter.java:343) [tomcat-embed-core-9.0.41.jar:9.0.41]
	at org.apache.coyote.http11.Http11Processor.service(Http11Processor.java:374) [tomcat-embed-core-9.0.41.jar:9.0.41]
	at org.apache.coyote.AbstractProcessorLight.process(AbstractProcessorLight.java:65) [tomcat-embed-core-9.0.41.jar:9.0.41]
	at org.apache.coyote.AbstractProtocol$ConnectionHandler.process(AbstractProtocol.java:888) [tomcat-embed-core-9.0.41.jar:9.0.41]
	at org.apache.tomcat.util.net.NioEndpoint$SocketProcessor.doRun(NioEndpoint.java:1597) [tomcat-embed-core-9.0.41.jar:9.0.41]
	at org.apache.tomcat.util.net.SocketProcessorBase.run(SocketProcessorBase.java:49) [tomcat-embed-core-9.0.41.jar:9.0.41]
	at java.util.concurrent.ThreadPoolExecutor.runWorker(ThreadPoolExecutor.java:1142) [?:1.8.0_131]
	at java.util.concurrent.ThreadPoolExecutor$Worker.run(ThreadPoolExecutor.java:617) [?:1.8.0_131]
	at org.apache.tomcat.util.threads.TaskThread$WrappingRunnable.run(TaskThread.java:61) [tomcat-embed-core-9.0.41.jar:9.0.41]
	at java.lang.Thread.run(Thread.java:748) [?:1.8.0_131]
Caused by: com.mysql.cj.exceptions.CJCommunicationsException: Communications link failure

The last packet sent successfully to the server was 0 milliseconds ago. The driver has not received any packets from the server.
	at sun.reflect.NativeConstructorAccessorImpl.newInstance0(Native Method) ~[?:1.8.0_131]
	at sun.reflect.NativeConstructorAccessorImpl.newInstance(NativeConstructorAccessorImpl.java:62) ~[?:1.8.0_131]
	at sun.reflect.DelegatingConstructorAccessorImpl.newInstance(DelegatingConstructorAccessorImpl.java:45) ~[?:1.8.0_131]
	at java.lang.reflect.Constructor.newInstance(Constructor.java:423) ~[?:1.8.0_131]
	at com.mysql.cj.exceptions.ExceptionFactory.createException(ExceptionFactory.java:61) ~[mysql-connector-java-8.0.22.jar:8.0.22]
	at com.mysql.cj.exceptions.ExceptionFactory.createException(ExceptionFactory.java:105) ~[mysql-connector-java-8.0.22.jar:8.0.22]
	at com.mysql.cj.exceptions.ExceptionFactory.createException(ExceptionFactory.java:151) ~[mysql-connector-java-8.0.22.jar:8.0.22]
	at com.mysql.cj.exceptions.ExceptionFactory.createCommunicationsException(ExceptionFactory.java:167) ~[mysql-connector-java-8.0.22.jar:8.0.22]
	at com.mysql.cj.protocol.a.NativeSocketConnection.connect(NativeSocketConnection.java:89) ~[mysql-connector-java-8.0.22.jar:8.0.22]
	at com.mysql.cj.NativeSession.connect(NativeSession.java:144) ~[mysql-connector-java-8.0.22.jar:8.0.22]
	at com.mysql.cj.jdbc.ConnectionImpl.connectOneTryOnly(ConnectionImpl.java:956) ~[mysql-connector-java-8.0.22.jar:8.0.22]
	at com.mysql.cj.jdbc.ConnectionImpl.createNewIO(ConnectionImpl.java:826) ~[mysql-connector-java-8.0.22.jar:8.0.22]
	... 91 more
Caused by: java.net.ConnectException: Connection refused: connect
	at java.net.DualStackPlainSocketImpl.waitForConnect(Native Method) ~[?:1.8.0_131]
	at java.net.DualStackPlainSocketImpl.socketConnect(DualStackPlainSocketImpl.java:85) ~[?:1.8.0_131]
	at java.net.AbstractPlainSocketImpl.doConnect(AbstractPlainSocketImpl.java:350) ~[?:1.8.0_131]
	at java.net.AbstractPlainSocketImpl.connectToAddress(AbstractPlainSocketImpl.java:206) ~[?:1.8.0_131]
	at java.net.AbstractPlainSocketImpl.connect(AbstractPlainSocketImpl.java:188) ~[?:1.8.0_131]
	at java.net.PlainSocketImpl.connect(PlainSocketImpl.java:172) ~[?:1.8.0_131]
	at java.net.SocksSocketImpl.connect(SocksSocketImpl.java:392) ~[?:1.8.0_131]
	at java.net.Socket.connect(Socket.java:589) ~[?:1.8.0_131]
	at com.mysql.cj.protocol.StandardSocketFactory.connect(StandardSocketFactory.java:155) ~[mysql-connector-java-8.0.22.jar:8.0.22]
	at com.mysql.cj.protocol.a.NativeSocketConnection.connect(NativeSocketConnection.java:63) ~[mysql-connector-java-8.0.22.jar:8.0.22]
	at com.mysql.cj.NativeSession.connect(NativeSession.java:144) ~[mysql-connector-java-8.0.22.jar:8.0.22]
	at com.mysql.cj.jdbc.ConnectionImpl.connectOneTryOnly(ConnectionImpl.java:956) ~[mysql-connector-java-8.0.22.jar:8.0.22]
	at com.mysql.cj.jdbc.ConnectionImpl.createNewIO(ConnectionImpl.java:826) ~[mysql-connector-java-8.0.22.jar:8.0.22]
	... 91 more
2024-02-22 20:24:28 [http-nio-8080-exec-2] WARN  - Resolved [org.mybatis.spring.MyBatisSystemException: nested exception is org.apache.ibatis.exceptions.PersistenceException: 
### Error querying database.  Cause: org.springframework.jdbc.CannotGetJdbcConnectionException: Failed to obtain JDBC Connection; nested exception is com.mysql.cj.jdbc.exceptions.CommunicationsException: Communications link failure

The last packet sent successfully to the server was 0 milliseconds ago. The driver has not received any packets from the server.
### The error may exist in com/kigooo/kgs/dao/kgDao/KgAuthDao.java (best guess)
### The error may involve com.kigooo.kgs.dao.kgDao.KgAuthDao.isInState
### The error occurred while executing a query
### Cause: org.springframework.jdbc.CannotGetJdbcConnectionException: Failed to obtain JDBC Connection; nested exception is com.mysql.cj.jdbc.exceptions.CommunicationsException: Communications link failure

The last packet sent successfully to the server was 0 milliseconds ago. The driver has not received any packets from the server.]
2024-02-22 20:25:50 [background-preinit] INFO  - HV000001: Hibernate Validator 6.1.6.Final
2024-02-22 20:25:50 [restartedMain] INFO  - Starting KgsApplication using Java 1.8.0_131 on wuqing with PID 6556 (E:\wuqing\tg\kgs\target\classes started by wq in E:\wuqing\tg\kgs)
2024-02-22 20:25:50 [restartedMain] INFO  - No active profile set, falling back to default profiles: default
2024-02-22 20:25:50 [restartedMain] INFO  - The Class-Path manifest attribute in E:\java_env\maven\maven_repository\com\oracle\database\jdbc\ojdbc8\19.8.0.0\ojdbc8-19.8.0.0.jar referenced one or more files that do not exist: file:/E:/java_env/maven/maven_repository/com/oracle/database/jdbc/ojdbc8/19.8.0.0/oraclepki.jar
2024-02-22 20:25:50 [restartedMain] INFO  - Devtools property defaults active! Set 'spring.devtools.add-properties' to 'false' to disable
2024-02-22 20:25:50 [restartedMain] INFO  - For additional web related logging consider setting the 'logging.level.web' property to 'DEBUG'
2024-02-22 20:25:51 [restartedMain] INFO  - Multiple Spring Data modules found, entering strict repository configuration mode!
2024-02-22 20:25:51 [restartedMain] INFO  - Bootstrapping Spring Data Redis repositories in DEFAULT mode.
2024-02-22 20:25:51 [restartedMain] INFO  - Finished Spring Data repository scanning in 6 ms. Found 0 Redis repository interfaces.
2024-02-22 20:25:51 [restartedMain] INFO  - Tomcat initialized with port(s): 8080 (http)
2024-02-22 20:25:51 [restartedMain] INFO  - Initializing ProtocolHandler ["http-nio-8080"]
2024-02-22 20:25:51 [restartedMain] INFO  - Starting service [Tomcat]
2024-02-22 20:25:51 [restartedMain] INFO  - Starting Servlet engine: [Apache Tomcat/9.0.41]
2024-02-22 20:25:51 [restartedMain] INFO  - Initializing Spring embedded WebApplicationContext
2024-02-22 20:25:51 [restartedMain] INFO  - Root WebApplicationContext: initialization completed in 657 ms
2024-02-22 20:25:54 [restartedMain] INFO  - error:java.net.ConnectException: Failed to connect to /101.89.214.164:9000
2024-02-22 20:25:54 [restartedMain] INFO  - Initializing ExecutorService 'applicationTaskExecutor'
2024-02-22 20:25:54 [restartedMain] INFO  - LiveReload server is running on port 35729
2024-02-22 20:25:54 [restartedMain] INFO  - Starting ProtocolHandler ["http-nio-8080"]
2024-02-22 20:25:54 [restartedMain] INFO  - Tomcat started on port(s): 8080 (http) with context path ''
2024-02-22 20:25:54 [restartedMain] INFO  - Started KgsApplication in 3.742 seconds (JVM running for 4.31)
2024-02-22 20:25:55 [http-nio-8080-exec-1] INFO  - Initializing Spring DispatcherServlet 'dispatcherServlet'
2024-02-22 20:25:55 [http-nio-8080-exec-1] INFO  - Initializing Servlet 'dispatcherServlet'
2024-02-22 20:25:55 [http-nio-8080-exec-1] INFO  - Completed initialization in 1 ms
2024-02-22 20:25:55 [http-nio-8080-exec-1] INFO  - HikariPool-1 - Starting...
2024-02-22 20:25:56 [http-nio-8080-exec-1] INFO  - HikariPool-1 - Start completed.
2024-02-22 20:25:56 [http-nio-8080-exec-1] WARN  - Resolved [com.kigooo.kgs.component.kgResponseException.KgResponseException]
2024-02-22 20:26:40 [background-preinit] INFO  - HV000001: Hibernate Validator 6.1.6.Final
2024-02-22 20:26:40 [restartedMain] INFO  - Starting KgsApplication using Java 1.8.0_131 on wuqing with PID 20692 (E:\wuqing\tg\kgs\target\classes started by wq in E:\wuqing\tg\kgs)
2024-02-22 20:26:40 [restartedMain] INFO  - No active profile set, falling back to default profiles: default
2024-02-22 20:26:40 [restartedMain] INFO  - The Class-Path manifest attribute in E:\java_env\maven\maven_repository\com\oracle\database\jdbc\ojdbc8\19.8.0.0\ojdbc8-19.8.0.0.jar referenced one or more files that do not exist: file:/E:/java_env/maven/maven_repository/com/oracle/database/jdbc/ojdbc8/19.8.0.0/oraclepki.jar
2024-02-22 20:26:40 [restartedMain] INFO  - Devtools property defaults active! Set 'spring.devtools.add-properties' to 'false' to disable
2024-02-22 20:26:40 [restartedMain] INFO  - For additional web related logging consider setting the 'logging.level.web' property to 'DEBUG'
2024-02-22 20:26:40 [restartedMain] INFO  - Multiple Spring Data modules found, entering strict repository configuration mode!
2024-02-22 20:26:40 [restartedMain] INFO  - Bootstrapping Spring Data Redis repositories in DEFAULT mode.
2024-02-22 20:26:40 [restartedMain] INFO  - Finished Spring Data repository scanning in 7 ms. Found 0 Redis repository interfaces.
2024-02-22 20:26:40 [restartedMain] INFO  - Tomcat initialized with port(s): 8080 (http)
2024-02-22 20:26:40 [restartedMain] INFO  - Initializing ProtocolHandler ["http-nio-8080"]
2024-02-22 20:26:40 [restartedMain] INFO  - Starting service [Tomcat]
2024-02-22 20:26:40 [restartedMain] INFO  - Starting Servlet engine: [Apache Tomcat/9.0.41]
2024-02-22 20:26:40 [restartedMain] INFO  - Initializing Spring embedded WebApplicationContext
2024-02-22 20:26:40 [restartedMain] INFO  - Root WebApplicationContext: initialization completed in 632 ms
2024-02-22 20:26:43 [restartedMain] INFO  - error:java.net.ConnectException: Failed to connect to /101.89.214.164:9000
2024-02-22 20:26:43 [restartedMain] INFO  - Initializing ExecutorService 'applicationTaskExecutor'
2024-02-22 20:26:43 [restartedMain] INFO  - LiveReload server is running on port 35729
2024-02-22 20:26:43 [restartedMain] INFO  - Starting ProtocolHandler ["http-nio-8080"]
2024-02-22 20:26:43 [restartedMain] INFO  - Tomcat started on port(s): 8080 (http) with context path ''
2024-02-22 20:26:43 [restartedMain] INFO  - Started KgsApplication in 3.738 seconds (JVM running for 4.327)
2024-02-22 20:26:47 [http-nio-8080-exec-1] INFO  - Initializing Spring DispatcherServlet 'dispatcherServlet'
2024-02-22 20:26:47 [http-nio-8080-exec-1] INFO  - Initializing Servlet 'dispatcherServlet'
2024-02-22 20:26:47 [http-nio-8080-exec-1] INFO  - Completed initialization in 1 ms
2024-02-22 20:26:47 [http-nio-8080-exec-1] INFO  - HikariPool-1 - Starting...
2024-02-22 20:26:47 [http-nio-8080-exec-1] INFO  - HikariPool-1 - Start completed.
2024-02-22 20:26:47 [http-nio-8080-exec-1] WARN  - Resolved [org.springframework.http.converter.HttpMessageNotReadableException: Required request body is missing: public com.kigooo.kgs.component.kgResponseJson.KgResponseJson com.kigooo.kgs.controller.TemplateGenerateController.TemplateGenerateController.doGenerate(com.kigooo.kgs.domain.TemplateGenerate.FullGenerate)]
2024-02-22 20:34:14 [background-preinit] INFO  - HV000001: Hibernate Validator 6.1.6.Final
2024-02-22 20:34:14 [restartedMain] INFO  - Starting KgsApplication using Java 1.8.0_131 on wuqing with PID 12052 (E:\wuqing\tg\kgs\target\classes started by wq in E:\wuqing\tg\kgs)
2024-02-22 20:34:14 [restartedMain] INFO  - No active profile set, falling back to default profiles: default
2024-02-22 20:34:14 [restartedMain] INFO  - The Class-Path manifest attribute in E:\java_env\maven\maven_repository\com\oracle\database\jdbc\ojdbc8\19.8.0.0\ojdbc8-19.8.0.0.jar referenced one or more files that do not exist: file:/E:/java_env/maven/maven_repository/com/oracle/database/jdbc/ojdbc8/19.8.0.0/oraclepki.jar
2024-02-22 20:34:14 [restartedMain] INFO  - Devtools property defaults active! Set 'spring.devtools.add-properties' to 'false' to disable
2024-02-22 20:34:14 [restartedMain] INFO  - For additional web related logging consider setting the 'logging.level.web' property to 'DEBUG'
2024-02-22 20:34:14 [restartedMain] INFO  - Multiple Spring Data modules found, entering strict repository configuration mode!
2024-02-22 20:34:14 [restartedMain] INFO  - Bootstrapping Spring Data Redis repositories in DEFAULT mode.
2024-02-22 20:34:14 [restartedMain] INFO  - Finished Spring Data repository scanning in 7 ms. Found 0 Redis repository interfaces.
2024-02-22 20:34:15 [restartedMain] INFO  - Tomcat initialized with port(s): 8080 (http)
2024-02-22 20:34:15 [restartedMain] INFO  - Initializing ProtocolHandler ["http-nio-8080"]
2024-02-22 20:34:15 [restartedMain] INFO  - Starting service [Tomcat]
2024-02-22 20:34:15 [restartedMain] INFO  - Starting Servlet engine: [Apache Tomcat/9.0.41]
2024-02-22 20:34:15 [restartedMain] INFO  - Initializing Spring embedded WebApplicationContext
2024-02-22 20:34:15 [restartedMain] INFO  - Root WebApplicationContext: initialization completed in 648 ms
2024-02-22 20:34:17 [restartedMain] INFO  - error:java.net.ConnectException: Failed to connect to /101.89.214.164:9000
2024-02-22 20:34:18 [restartedMain] INFO  - Initializing ExecutorService 'applicationTaskExecutor'
2024-02-22 20:34:18 [restartedMain] INFO  - LiveReload server is running on port 35729
2024-02-22 20:34:18 [restartedMain] INFO  - Starting ProtocolHandler ["http-nio-8080"]
2024-02-22 20:34:18 [restartedMain] INFO  - Tomcat started on port(s): 8080 (http) with context path ''
2024-02-22 20:34:18 [restartedMain] INFO  - Started KgsApplication in 3.819 seconds (JVM running for 4.407)
2024-02-22 20:34:21 [http-nio-8080-exec-1] INFO  - Initializing Spring DispatcherServlet 'dispatcherServlet'
2024-02-22 20:34:21 [http-nio-8080-exec-1] INFO  - Initializing Servlet 'dispatcherServlet'
2024-02-22 20:34:21 [http-nio-8080-exec-1] INFO  - Completed initialization in 1 ms
2024-02-22 20:34:21 [http-nio-8080-exec-1] INFO  - HikariPool-1 - Starting...
2024-02-22 20:34:21 [http-nio-8080-exec-1] INFO  - HikariPool-1 - Start completed.
